
================================================================================
[2026-02-05 23:15:02] FINAL GUVI CALLBACK PAYLOAD
================================================================================
{
  "sessionId": "test-session-1770313460",
  "scamDetected": true,
  "totalMessagesExchanged": 3,
  "extractedIntelligence": {
    "bankAccounts": [],
    "upiIds": [
      "bank.verify@okaxis"
    ],
    "phishingLinks": [
      "http://bank-secure.apk"
    ],
    "phoneNumbers": [],
    "suspiciousKeywords": [
      "Impersonation",
      "Fear",
      "Urgency",
      "Verification Scam",
      "Micro-transaction Scam",
      "Malware/App Installation Scam",
      "Social Engineering"
    ]
  },
  "agentNotes": "Scam type: BANK_FRAUD. Scammer used Impersonation, Fear, Urgency, Verification Scam, Micro-transaction Scam, Malware/App Installation Scam, Social Engineering tactics."
}

================================================================================
[2026-02-05 23:17:54] FINAL GUVI CALLBACK PAYLOAD
================================================================================
{
  "sessionId": "test-session-1770313633",
  "scamDetected": true,
  "totalMessagesExchanged": 3,
  "extractedIntelligence": {
    "bankAccounts": [],
    "upiIds": [
      "bank.verify@okaxis"
    ],
    "phishingLinks": [
      "http://bank-secure.apk"
    ],
    "phoneNumbers": [],
    "suspiciousKeywords": [
      "Impersonation (Bank)",
      "Fear (Account frozen)",
      "Urgency (Implied need for immediate action)",
      "Request to transfer money (small amount for 'verification')",
      "Social engineering (trick to initiate transaction)",
      "Request to install an app (malware/phishing app)"
    ]
  },
  "agentNotes": "Scam type: BANK_FRAUD. Scammer used Impersonation (Bank), Fear (Account frozen), Urgency (Implied need for immediate action), Request to transfer money (small amount for 'verification'), Social engineering (trick to initiate transaction), Request to install an app (malware/phishing app) tactics."
}
